<?xml version="1.0" encoding="UTF-8"?>
<testng-results skipped="0" failed="0" ignored="0" total="1" passed="1">
  <reporter-output>
  </reporter-output>
  <suite name="Trusted Shops Test" duration-ms="7784" started-at="2023-05-14T16:19:06 CEST" finished-at="2023-05-14T16:19:13 CEST">
    <groups>
    </groups>
    <test name="Task-1" duration-ms="7784" started-at="2023-05-14T16:19:06 CEST" finished-at="2023-05-14T16:19:13 CEST">
      <class name="testPages.TestSuite">
        <test-method status="PASS" signature="setupTest(java.lang.String)[pri:0, instance:testPages.TestSuite@34c4973]" name="setupTest" is-config="true" duration-ms="3837" started-at="2023-05-14T16:19:06 CEST" finished-at="2023-05-14T16:19:10 CEST">
          <params>
            <param index="0">
              <value>
                <![CDATA[chrome]]>
              </value>
            </param>
          </params>
          <reporter-output>
          </reporter-output>
        </test-method> <!-- setupTest -->
        <test-method status="PASS" signature="trustedShopsCustomerPage()[pri:0, instance:testPages.TestSuite@34c4973]" name="trustedShopsCustomerPage" duration-ms="3917" started-at="2023-05-14T16:19:10 CEST" finished-at="2023-05-14T16:19:13 CEST">
          <reporter-output>
          </reporter-output>
        </test-method> <!-- trustedShopsCustomerPage -->
      </class> <!-- testPages.TestSuite -->
    </test> <!-- Task-1 -->
  </suite> <!-- Trusted Shops Test -->
</testng-results>
